c:\ccremote-master\ccremote-master\bin\ccremote.ipdb
c:\ccremote-master\ccremote-master\bin\ccremote.iobj
c:\ccremote-master\ccremote-master\ccremote\ccremote\release\ccremote.pch
c:\ccremote-master\ccremote-master\ccremote\ccremote\release\vc141.pdb
c:\ccremote-master\ccremote-master\ccremote\ccremote\release\pch.obj
c:\ccremote-master\ccremote-master\ccremote\ccremote\release\iocpserver.obj
c:\ccremote-master\ccremote-master\ccremote\ccremote\release\buffer.obj
c:\ccremote-master\ccremote-master\ccremote\ccremote\release\audio.obj
c:\ccremote-master\ccremote-master\ccremote\ccremote\release\truecolortoolbar.obj
c:\ccremote-master\ccremote-master\ccremote\ccremote\release\seu_qqwry.obj
c:\ccremote-master\ccremote-master\ccremote\ccremote\release\regdlg.obj
c:\ccremote-master\ccremote-master\ccremote\ccremote\release\inputdlg.obj
c:\ccremote-master\ccremote-master\ccremote\ccremote\release\inifile.obj
c:\ccremote-master\ccremote-master\ccremote\ccremote\release\cpuusage.obj
c:\ccremote-master\ccremote-master\ccremote\ccremote\release\csystemdlg.obj
c:\ccremote-master\ccremote-master\ccremote\ccremote\release\cshelldlg.obj
c:\ccremote-master\ccremote-master\ccremote\ccremote\release\csettingdlg.obj
c:\ccremote-master\ccremote-master\ccremote\ccremote\release\cscreenspydlg.obj
c:\ccremote-master\ccremote-master\ccremote\ccremote\release\filetransfermodedlg.obj
c:\ccremote-master\ccremote-master\ccremote\ccremote\release\cserverdlg.obj
c:\ccremote-master\ccremote-master\ccremote\ccremote\release\ckeyboarddlg.obj
c:\ccremote-master\ccremote-master\ccremote\ccremote\release\chelpwindow.obj
c:\ccremote-master\ccremote-master\ccremote\ccremote\release\cfilemanagerdlg.obj
c:\ccremote-master\ccremote-master\ccremote\ccremote\release\ccremotedlg.obj
c:\ccremote-master\ccremote-master\ccremote\ccremote\release\ccremote.obj
c:\ccremote-master\ccremote-master\ccremote\ccremote\release\cbuilddlg.obj
c:\ccremote-master\ccremote-master\ccremote\ccremote\release\caudiodlg.obj
c:\ccremote-master\ccremote-master\bin\ccremote.exe
c:\ccremote-master\ccremote-master\bin\ccremote.pdb
c:\ccremote-master\ccremote-master\ccremote\ccremote\release\ccremote.res
c:\ccremote-master\ccremote-master\ccremote\ccremote\..\..\bin\ccremote.exe
c:\ccremote-master\ccremote-master\ccremote\ccremote\release\ccremote.tlog\ccremote.write.1u.tlog
c:\ccremote-master\ccremote-master\ccremote\ccremote\release\ccremote.tlog\cl.command.1.tlog
c:\ccremote-master\ccremote-master\ccremote\ccremote\release\ccremote.tlog\cl.read.1.tlog
c:\ccremote-master\ccremote-master\ccremote\ccremote\release\ccremote.tlog\cl.write.1.tlog
c:\ccremote-master\ccremote-master\ccremote\ccremote\release\ccremote.tlog\link.command.1.tlog
c:\ccremote-master\ccremote-master\ccremote\ccremote\release\ccremote.tlog\link.read.1.tlog
c:\ccremote-master\ccremote-master\ccremote\ccremote\release\ccremote.tlog\link.write.1.tlog
c:\ccremote-master\ccremote-master\ccremote\ccremote\release\ccremote.tlog\rc.command.1.tlog
c:\ccremote-master\ccremote-master\ccremote\ccremote\release\ccremote.tlog\rc.read.1.tlog
c:\ccremote-master\ccremote-master\ccremote\ccremote\release\ccremote.tlog\rc.write.1.tlog
